[20-Aug-2024 02:31:09 UTC] PHP Warning:  Attempt to read property "title" on null in C:\Users\human\Local Sites\chisperio\app\public\wp-includes\class-wp-customize-widgets.php on line 905
[20-Aug-2024 22:56:07 UTC] Cron reschedule event error for hook: action_scheduler_run_queue, Error code: invalid_schedule, Error message: Event schedule does not exist., Data: {"schedule":"every_minute","args":["WP Cron"],"interval":60}
[20-Aug-2024 22:57:48 UTC] PHP Warning:  Attempt to read property "ID" on null in C:\Users\human\Local Sites\chisperio\app\public\wp-includes\rest-api\endpoints\class-wp-rest-autosaves-controller.php on line 167
[20-Aug-2024 22:57:48 UTC] PHP Warning:  Attempt to read property "ID" on null in C:\Users\human\Local Sites\chisperio\app\public\wp-includes\rest-api\endpoints\class-wp-rest-autosaves-controller.php on line 167
[26-Aug-2024 00:14:13 UTC] PHP Warning:  Undefined variable $social_initial_state in C:\Users\human\Local Sites\chisperio\app\public\wp-content\plugins\jetpack\class.jetpack-gutenberg.php on line 776
[26-Aug-2024 00:14:13 UTC] PHP Warning:  Trying to access array offset on value of type null in C:\Users\human\Local Sites\chisperio\app\public\wp-content\plugins\jetpack\class.jetpack-gutenberg.php on line 776
[26-Aug-2024 00:15:53 UTC] PHP Warning:  Undefined variable $social_initial_state in C:\Users\human\Local Sites\chisperio\app\public\wp-content\plugins\jetpack\class.jetpack-gutenberg.php on line 776
[26-Aug-2024 00:15:53 UTC] PHP Warning:  Trying to access array offset on value of type null in C:\Users\human\Local Sites\chisperio\app\public\wp-content\plugins\jetpack\class.jetpack-gutenberg.php on line 776
[26-Aug-2024 00:15:54 UTC] PHP Warning:  Undefined variable $social_initial_state in C:\Users\human\Local Sites\chisperio\app\public\wp-content\plugins\jetpack\class.jetpack-gutenberg.php on line 776
[26-Aug-2024 00:15:54 UTC] PHP Warning:  Trying to access array offset on value of type null in C:\Users\human\Local Sites\chisperio\app\public\wp-content\plugins\jetpack\class.jetpack-gutenberg.php on line 776
[26-Aug-2024 00:16:01 UTC] PHP Warning:  Undefined variable $social_initial_state in C:\Users\human\Local Sites\chisperio\app\public\wp-content\plugins\jetpack\class.jetpack-gutenberg.php on line 776
[26-Aug-2024 00:16:01 UTC] PHP Warning:  Trying to access array offset on value of type null in C:\Users\human\Local Sites\chisperio\app\public\wp-content\plugins\jetpack\class.jetpack-gutenberg.php on line 776
[26-Aug-2024 00:48:57 UTC] PHP Warning:  Undefined variable $social_initial_state in C:\Users\human\Local Sites\chisperio\app\public\wp-content\plugins\jetpack\class.jetpack-gutenberg.php on line 776
[26-Aug-2024 00:48:57 UTC] PHP Warning:  Trying to access array offset on value of type null in C:\Users\human\Local Sites\chisperio\app\public\wp-content\plugins\jetpack\class.jetpack-gutenberg.php on line 776
[26-Aug-2024 00:49:47 UTC] PHP Warning:  Undefined variable $social_initial_state in C:\Users\human\Local Sites\chisperio\app\public\wp-content\plugins\jetpack\class.jetpack-gutenberg.php on line 776
[26-Aug-2024 00:49:47 UTC] PHP Warning:  Trying to access array offset on value of type null in C:\Users\human\Local Sites\chisperio\app\public\wp-content\plugins\jetpack\class.jetpack-gutenberg.php on line 776
[26-Aug-2024 00:50:41 UTC] PHP Warning:  Attempt to read property "ID" on null in C:\Users\human\Local Sites\chisperio\app\public\wp-includes\rest-api\endpoints\class-wp-rest-autosaves-controller.php on line 167
[26-Aug-2024 00:50:41 UTC] PHP Warning:  Attempt to read property "ID" on null in C:\Users\human\Local Sites\chisperio\app\public\wp-includes\rest-api\endpoints\class-wp-rest-autosaves-controller.php on line 167
[26-Aug-2024 00:51:29 UTC] PHP Warning:  Attempt to read property "content" on null in C:\Users\human\Local Sites\chisperio\app\public\wp-includes\blocks\template-part.php on line 73
[26-Aug-2024 00:51:52 UTC] PHP Warning:  Attempt to read property "content" on null in C:\Users\human\Local Sites\chisperio\app\public\wp-includes\blocks\template-part.php on line 73
[26-Aug-2024 00:52:03 UTC] PHP Warning:  Attempt to read property "content" on null in C:\Users\human\Local Sites\chisperio\app\public\wp-includes\blocks\template-part.php on line 73
[26-Aug-2024 00:52:09 UTC] PHP Warning:  Attempt to read property "content" on null in C:\Users\human\Local Sites\chisperio\app\public\wp-includes\blocks\template-part.php on line 73
[27-Aug-2024 23:42:26 UTC] PHP Warning:  Attempt to read property "content" on null in C:\Users\human\Local Sites\chisperio\app\public\wp-includes\blocks\template-part.php on line 73
[27-Aug-2024 23:43:30 UTC] PHP Warning:  Attempt to read property "content" on null in C:\Users\human\Local Sites\chisperio\app\public\wp-includes\blocks\template-part.php on line 73
[27-Aug-2024 23:45:12 UTC] PHP Warning:  Undefined variable $social_initial_state in C:\Users\human\Local Sites\chisperio\app\public\wp-content\plugins\jetpack\class.jetpack-gutenberg.php on line 776
[27-Aug-2024 23:45:12 UTC] PHP Warning:  Trying to access array offset on value of type null in C:\Users\human\Local Sites\chisperio\app\public\wp-content\plugins\jetpack\class.jetpack-gutenberg.php on line 776
[27-Aug-2024 23:45:15 UTC] PHP Warning:  Attempt to read property "post_status" on null in C:\Users\human\Local Sites\chisperio\app\public\wp-content\plugins\elementor\core\base\document.php on line 1960
[27-Aug-2024 23:45:15 UTC] PHP Warning:  Attempt to read property "post_status" on null in C:\Users\human\Local Sites\chisperio\app\public\wp-content\plugins\elementor\core\base\document.php on line 1969
[27-Aug-2024 23:45:15 UTC] PHP Warning:  Attempt to read property "post_status" on null in C:\Users\human\Local Sites\chisperio\app\public\wp-content\plugins\elementor\core\kits\manager.php on line 280
[27-Aug-2024 23:46:07 UTC] PHP Warning:  Attempt to read property "post_status" on null in C:\Users\human\Local Sites\chisperio\app\public\wp-content\plugins\elementor\core\base\document.php on line 1960
[27-Aug-2024 23:46:07 UTC] PHP Warning:  Attempt to read property "post_status" on null in C:\Users\human\Local Sites\chisperio\app\public\wp-content\plugins\elementor\core\base\document.php on line 1969
[27-Aug-2024 23:46:07 UTC] PHP Warning:  Attempt to read property "post_status" on null in C:\Users\human\Local Sites\chisperio\app\public\wp-content\plugins\elementor\core\kits\manager.php on line 280
[27-Aug-2024 23:46:13 UTC] PHP Warning:  Attempt to read property "post_status" on null in C:\Users\human\Local Sites\chisperio\app\public\wp-content\plugins\elementor\core\base\document.php on line 1960
[27-Aug-2024 23:46:13 UTC] PHP Warning:  Attempt to read property "post_status" on null in C:\Users\human\Local Sites\chisperio\app\public\wp-content\plugins\elementor\core\base\document.php on line 1969
[27-Aug-2024 23:46:13 UTC] PHP Warning:  Attempt to read property "post_status" on null in C:\Users\human\Local Sites\chisperio\app\public\wp-content\plugins\elementor\core\kits\manager.php on line 280
[27-Aug-2024 23:46:48 UTC] PHP Fatal error:  Uncaught Exception: Invalid post. in C:\Users\human\Local Sites\chisperio\app\public\wp-content\plugins\elementor\core\settings\page\manager.php:101
Stack trace:
#0 C:\Users\human\Local Sites\chisperio\app\public\wp-content\plugins\elementor\core\base\document.php(1790): Elementor\Core\Settings\Page\Manager->ajax_before_save_settings(Array, NULL)
#1 C:\Users\human\Local Sites\chisperio\app\public\wp-content\plugins\elementor\core\base\document.php(909): Elementor\Core\Base\Document->save_settings(Array)
#2 C:\Users\human\Local Sites\chisperio\app\public\wp-content\plugins\elementor\core\kits\manager.php(295): Elementor\Core\Base\Document->update_settings(Array)
#3 C:\Users\human\Local Sites\chisperio\app\public\wp-content\plugins\elementor\core\kits\manager.php(464): Elementor\Core\Kits\Manager->update_kit_settings_based_on_option('site_name', '')
#4 C:\Users\human\Local Sites\chisperio\app\public\wp-includes\class-wp-hook.php(326): Elementor\Core\Kits\Manager->Elementor\Core\Kits\{closure}('Chisperio', '')
#5 C:\Users\human\Local Sites\chisperio\app\public\wp-includes\class-wp-hook.php(348): WP_Hook->apply_filters(NULL, Array)
#6 C:\Users\human\Local Sites\chisperio\app\public\wp-includes\plugin.php(517): WP_Hook->do_action(Array)
#7 C:\Users\human\Local Sites\chisperio\app\public\wp-includes\option.php(999): do_action('update_option_b...', 'Chisperio', '', 'blogname')
#8 C:\Users\human\Local Sites\chisperio\app\public\wp-includes\class-wp-customize-setting.php(659): update_option('blogname', '', true)
#9 C:\Users\human\Local Sites\chisperio\app\public\wp-includes\class-wp-customize-setting.php(685): WP_Customize_Setting->set_root_value('')
#10 C:\Users\human\Local Sites\chisperio\app\public\wp-includes\class-wp-customize-setting.php(541): WP_Customize_Setting->update('')
#11 C:\Users\human\Local Sites\chisperio\app\public\wp-includes\class-wp-customize-manager.php(3582): WP_Customize_Setting->save()
#12 C:\Users\human\Local Sites\chisperio\app\public\wp-includes\theme.php(3685): WP_Customize_Manager->_publish_changeset_values(191)
#13 C:\Users\human\Local Sites\chisperio\app\public\wp-includes\class-wp-hook.php(324): _wp_customize_publish_changeset('publish', 'auto-draft', Object(WP_Post))
#14 C:\Users\human\Local Sites\chisperio\app\public\wp-includes\class-wp-hook.php(348): WP_Hook->apply_filters(NULL, Array)
#15 C:\Users\human\Local Sites\chisperio\app\public\wp-includes\plugin.php(517): WP_Hook->do_action(Array)
#16 C:\Users\human\Local Sites\chisperio\app\public\wp-includes\post.php(5521): do_action('transition_post...', 'publish', 'auto-draft', Object(WP_Post))
#17 C:\Users\human\Local Sites\chisperio\app\public\wp-includes\post.php(4781): wp_transition_post_status('publish', 'auto-draft', Object(WP_Post))
#18 C:\Users\human\Local Sites\chisperio\app\public\wp-includes\post.php(4993): wp_insert_post(Array, true, true)
#19 C:\Users\human\Local Sites\chisperio\app\public\wp-includes\class-wp-customize-manager.php(2974): wp_update_post(Array, true)
#20 C:\Users\human\Local Sites\chisperio\app\public\wp-includes\class-wp-customize-manager.php(2536): WP_Customize_Manager->save_changeset_post(Array)
#21 C:\Users\human\Local Sites\chisperio\app\public\wp-includes\class-wp-hook.php(324): WP_Customize_Manager->save('')
#22 C:\Users\human\Local Sites\chisperio\app\public\wp-includes\class-wp-hook.php(348): WP_Hook->apply_filters('', Array)
#23 C:\Users\human\Local Sites\chisperio\app\public\wp-includes\plugin.php(517): WP_Hook->do_action(Array)
#24 C:\Users\human\Local Sites\chisperio\app\public\wp-admin\admin-ajax.php(192): do_action('wp_ajax_customi...')
#25 {main}
  thrown in C:\Users\human\Local Sites\chisperio\app\public\wp-content\plugins\elementor\core\settings\page\manager.php on line 101
[27-Aug-2024 23:47:06 UTC] PHP Warning:  Attempt to read property "post_status" on null in C:\Users\human\Local Sites\chisperio\app\public\wp-content\plugins\elementor\core\base\document.php on line 1960
[27-Aug-2024 23:47:06 UTC] PHP Warning:  Attempt to read property "post_status" on null in C:\Users\human\Local Sites\chisperio\app\public\wp-content\plugins\elementor\core\base\document.php on line 1969
[27-Aug-2024 23:47:06 UTC] PHP Warning:  Attempt to read property "post_status" on null in C:\Users\human\Local Sites\chisperio\app\public\wp-content\plugins\elementor\core\kits\manager.php on line 280
[27-Aug-2024 23:47:15 UTC] PHP Warning:  Attempt to read property "post_status" on null in C:\Users\human\Local Sites\chisperio\app\public\wp-content\plugins\elementor\core\base\document.php on line 1960
[27-Aug-2024 23:47:15 UTC] PHP Warning:  Attempt to read property "post_status" on null in C:\Users\human\Local Sites\chisperio\app\public\wp-content\plugins\elementor\core\base\document.php on line 1969
[27-Aug-2024 23:47:15 UTC] PHP Warning:  Attempt to read property "post_status" on null in C:\Users\human\Local Sites\chisperio\app\public\wp-content\plugins\elementor\core\kits\manager.php on line 280
[27-Aug-2024 23:51:35 UTC] PHP Warning:  Attempt to read property "post_status" on null in C:\Users\human\Local Sites\chisperio\app\public\wp-content\plugins\elementor\core\base\document.php on line 1960
[27-Aug-2024 23:51:35 UTC] PHP Warning:  Attempt to read property "post_status" on null in C:\Users\human\Local Sites\chisperio\app\public\wp-content\plugins\elementor\core\base\document.php on line 1969
[27-Aug-2024 23:51:35 UTC] PHP Warning:  Attempt to read property "post_status" on null in C:\Users\human\Local Sites\chisperio\app\public\wp-content\plugins\elementor\core\kits\manager.php on line 280
[27-Aug-2024 23:51:48 UTC] PHP Warning:  Attempt to read property "post_status" on null in C:\Users\human\Local Sites\chisperio\app\public\wp-content\plugins\elementor\core\base\document.php on line 1960
[27-Aug-2024 23:51:48 UTC] PHP Warning:  Attempt to read property "post_status" on null in C:\Users\human\Local Sites\chisperio\app\public\wp-content\plugins\elementor\core\base\document.php on line 1969
[27-Aug-2024 23:51:48 UTC] PHP Warning:  Attempt to read property "post_status" on null in C:\Users\human\Local Sites\chisperio\app\public\wp-content\plugins\elementor\core\kits\manager.php on line 280
[27-Aug-2024 23:52:55 UTC] PHP Warning:  Attempt to read property "post_status" on null in C:\Users\human\Local Sites\chisperio\app\public\wp-content\plugins\elementor\core\base\document.php on line 1960
[27-Aug-2024 23:52:55 UTC] PHP Warning:  Attempt to read property "post_status" on null in C:\Users\human\Local Sites\chisperio\app\public\wp-content\plugins\elementor\core\base\document.php on line 1969
[27-Aug-2024 23:52:55 UTC] PHP Warning:  Attempt to read property "post_status" on null in C:\Users\human\Local Sites\chisperio\app\public\wp-content\plugins\elementor\core\kits\manager.php on line 280
[27-Aug-2024 23:53:00 UTC] PHP Warning:  Attempt to read property "post_status" on null in C:\Users\human\Local Sites\chisperio\app\public\wp-content\plugins\elementor\core\base\document.php on line 1960
[27-Aug-2024 23:53:00 UTC] PHP Warning:  Attempt to read property "post_status" on null in C:\Users\human\Local Sites\chisperio\app\public\wp-content\plugins\elementor\core\base\document.php on line 1969
[27-Aug-2024 23:53:00 UTC] PHP Warning:  Attempt to read property "post_status" on null in C:\Users\human\Local Sites\chisperio\app\public\wp-content\plugins\elementor\core\kits\manager.php on line 280
[27-Aug-2024 23:53:01 UTC] PHP Warning:  Attempt to read property "post_status" on null in C:\Users\human\Local Sites\chisperio\app\public\wp-content\plugins\elementor\core\base\document.php on line 1960
[27-Aug-2024 23:53:01 UTC] PHP Warning:  Attempt to read property "post_status" on null in C:\Users\human\Local Sites\chisperio\app\public\wp-content\plugins\elementor\core\base\document.php on line 1969
[27-Aug-2024 23:53:01 UTC] PHP Warning:  Attempt to read property "post_status" on null in C:\Users\human\Local Sites\chisperio\app\public\wp-content\plugins\elementor\core\kits\manager.php on line 280
[27-Aug-2024 23:53:03 UTC] PHP Warning:  Attempt to read property "post_status" on null in C:\Users\human\Local Sites\chisperio\app\public\wp-content\plugins\elementor\core\base\document.php on line 1960
[27-Aug-2024 23:53:03 UTC] PHP Warning:  Attempt to read property "post_status" on null in C:\Users\human\Local Sites\chisperio\app\public\wp-content\plugins\elementor\core\base\document.php on line 1969
[27-Aug-2024 23:53:03 UTC] PHP Warning:  Attempt to read property "post_status" on null in C:\Users\human\Local Sites\chisperio\app\public\wp-content\plugins\elementor\core\kits\manager.php on line 280
[27-Aug-2024 23:53:09 UTC] PHP Warning:  Attempt to read property "post_status" on null in C:\Users\human\Local Sites\chisperio\app\public\wp-content\plugins\elementor\core\base\document.php on line 1960
[27-Aug-2024 23:53:09 UTC] PHP Warning:  Attempt to read property "post_status" on null in C:\Users\human\Local Sites\chisperio\app\public\wp-content\plugins\elementor\core\base\document.php on line 1969
[27-Aug-2024 23:53:09 UTC] PHP Warning:  Attempt to read property "post_status" on null in C:\Users\human\Local Sites\chisperio\app\public\wp-content\plugins\elementor\core\kits\manager.php on line 280
[27-Aug-2024 23:53:12 UTC] PHP Warning:  Attempt to read property "post_status" on null in C:\Users\human\Local Sites\chisperio\app\public\wp-content\plugins\elementor\core\base\document.php on line 1960
[27-Aug-2024 23:53:12 UTC] PHP Warning:  Attempt to read property "post_status" on null in C:\Users\human\Local Sites\chisperio\app\public\wp-content\plugins\elementor\core\base\document.php on line 1969
[27-Aug-2024 23:53:13 UTC] PHP Warning:  Attempt to read property "post_status" on null in C:\Users\human\Local Sites\chisperio\app\public\wp-content\plugins\elementor\core\kits\manager.php on line 280
[27-Aug-2024 23:53:50 UTC] PHP Warning:  Attempt to read property "post_status" on null in C:\Users\human\Local Sites\chisperio\app\public\wp-content\plugins\elementor\core\base\document.php on line 1960
[27-Aug-2024 23:53:50 UTC] PHP Warning:  Attempt to read property "post_status" on null in C:\Users\human\Local Sites\chisperio\app\public\wp-content\plugins\elementor\core\base\document.php on line 1969
[27-Aug-2024 23:53:50 UTC] PHP Warning:  Attempt to read property "post_status" on null in C:\Users\human\Local Sites\chisperio\app\public\wp-content\plugins\elementor\core\kits\manager.php on line 280
[27-Aug-2024 23:53:52 UTC] PHP Warning:  Attempt to read property "post_status" on null in C:\Users\human\Local Sites\chisperio\app\public\wp-content\plugins\elementor\core\base\document.php on line 1960
[27-Aug-2024 23:53:52 UTC] PHP Warning:  Attempt to read property "post_status" on null in C:\Users\human\Local Sites\chisperio\app\public\wp-content\plugins\elementor\core\base\document.php on line 1969
[27-Aug-2024 23:53:52 UTC] PHP Warning:  Attempt to read property "post_status" on null in C:\Users\human\Local Sites\chisperio\app\public\wp-content\plugins\elementor\core\kits\manager.php on line 280
[27-Aug-2024 23:55:04 UTC] PHP Warning:  Attempt to read property "post_status" on null in C:\Users\human\Local Sites\chisperio\app\public\wp-content\plugins\elementor\core\base\document.php on line 1960
[27-Aug-2024 23:55:04 UTC] PHP Warning:  Attempt to read property "post_status" on null in C:\Users\human\Local Sites\chisperio\app\public\wp-content\plugins\elementor\core\base\document.php on line 1969
[27-Aug-2024 23:55:04 UTC] PHP Warning:  Attempt to read property "post_status" on null in C:\Users\human\Local Sites\chisperio\app\public\wp-content\plugins\elementor\core\kits\manager.php on line 280
[27-Aug-2024 23:55:10 UTC] PHP Warning:  Attempt to read property "post_status" on null in C:\Users\human\Local Sites\chisperio\app\public\wp-content\plugins\elementor\core\base\document.php on line 1960
[27-Aug-2024 23:55:10 UTC] PHP Warning:  Attempt to read property "post_status" on null in C:\Users\human\Local Sites\chisperio\app\public\wp-content\plugins\elementor\core\base\document.php on line 1969
[27-Aug-2024 23:55:10 UTC] PHP Warning:  Attempt to read property "post_status" on null in C:\Users\human\Local Sites\chisperio\app\public\wp-content\plugins\elementor\core\kits\manager.php on line 280
[27-Aug-2024 23:55:14 UTC] PHP Warning:  Attempt to read property "post_status" on null in C:\Users\human\Local Sites\chisperio\app\public\wp-content\plugins\elementor\core\base\document.php on line 1960
[27-Aug-2024 23:55:14 UTC] PHP Warning:  Attempt to read property "post_status" on null in C:\Users\human\Local Sites\chisperio\app\public\wp-content\plugins\elementor\core\base\document.php on line 1969
[27-Aug-2024 23:55:14 UTC] PHP Warning:  Attempt to read property "post_status" on null in C:\Users\human\Local Sites\chisperio\app\public\wp-content\plugins\elementor\core\kits\manager.php on line 280
[27-Aug-2024 23:55:17 UTC] PHP Warning:  Attempt to read property "post_status" on null in C:\Users\human\Local Sites\chisperio\app\public\wp-content\plugins\elementor\core\base\document.php on line 1960
[27-Aug-2024 23:55:17 UTC] PHP Warning:  Attempt to read property "post_status" on null in C:\Users\human\Local Sites\chisperio\app\public\wp-content\plugins\elementor\core\base\document.php on line 1969
[27-Aug-2024 23:55:17 UTC] PHP Warning:  Attempt to read property "post_status" on null in C:\Users\human\Local Sites\chisperio\app\public\wp-content\plugins\elementor\core\kits\manager.php on line 280
[27-Aug-2024 23:55:39 UTC] PHP Warning:  Attempt to read property "post_status" on null in C:\Users\human\Local Sites\chisperio\app\public\wp-content\plugins\elementor\core\base\document.php on line 1960
[27-Aug-2024 23:55:39 UTC] PHP Warning:  Attempt to read property "post_status" on null in C:\Users\human\Local Sites\chisperio\app\public\wp-content\plugins\elementor\core\base\document.php on line 1969
[27-Aug-2024 23:55:39 UTC] PHP Warning:  Attempt to read property "post_status" on null in C:\Users\human\Local Sites\chisperio\app\public\wp-content\plugins\elementor\core\kits\manager.php on line 280
[27-Aug-2024 23:56:09 UTC] PHP Warning:  Attempt to read property "post_status" on null in C:\Users\human\Local Sites\chisperio\app\public\wp-content\plugins\elementor\core\base\document.php on line 1960
[27-Aug-2024 23:56:09 UTC] PHP Warning:  Attempt to read property "post_status" on null in C:\Users\human\Local Sites\chisperio\app\public\wp-content\plugins\elementor\core\base\document.php on line 1969
[27-Aug-2024 23:56:09 UTC] PHP Warning:  Attempt to read property "post_status" on null in C:\Users\human\Local Sites\chisperio\app\public\wp-content\plugins\elementor\core\kits\manager.php on line 280
[27-Aug-2024 23:56:44 UTC] PHP Warning:  Undefined variable $social_initial_state in C:\Users\human\Local Sites\chisperio\app\public\wp-content\plugins\jetpack\class.jetpack-gutenberg.php on line 776
[27-Aug-2024 23:56:44 UTC] PHP Warning:  Trying to access array offset on value of type null in C:\Users\human\Local Sites\chisperio\app\public\wp-content\plugins\jetpack\class.jetpack-gutenberg.php on line 776
[27-Aug-2024 23:56:46 UTC] PHP Warning:  Attempt to read property "post_status" on null in C:\Users\human\Local Sites\chisperio\app\public\wp-content\plugins\elementor\core\base\document.php on line 1960
[27-Aug-2024 23:56:46 UTC] PHP Warning:  Attempt to read property "post_status" on null in C:\Users\human\Local Sites\chisperio\app\public\wp-content\plugins\elementor\core\base\document.php on line 1969
[27-Aug-2024 23:56:46 UTC] PHP Warning:  Attempt to read property "post_status" on null in C:\Users\human\Local Sites\chisperio\app\public\wp-content\plugins\elementor\core\kits\manager.php on line 280
[27-Aug-2024 23:57:01 UTC] PHP Warning:  Attempt to read property "post_status" on null in C:\Users\human\Local Sites\chisperio\app\public\wp-content\plugins\elementor\core\base\document.php on line 1960
[27-Aug-2024 23:57:01 UTC] PHP Warning:  Attempt to read property "post_status" on null in C:\Users\human\Local Sites\chisperio\app\public\wp-content\plugins\elementor\core\base\document.php on line 1969
[27-Aug-2024 23:57:02 UTC] PHP Warning:  Attempt to read property "post_status" on null in C:\Users\human\Local Sites\chisperio\app\public\wp-content\plugins\elementor\core\kits\manager.php on line 280
[27-Aug-2024 23:57:02 UTC] PHP Warning:  Attempt to read property "post_status" on null in C:\Users\human\Local Sites\chisperio\app\public\wp-content\plugins\elementor\core\base\document.php on line 1960
[27-Aug-2024 23:57:02 UTC] PHP Warning:  Attempt to read property "post_status" on null in C:\Users\human\Local Sites\chisperio\app\public\wp-content\plugins\elementor\core\base\document.php on line 1969
[27-Aug-2024 23:57:02 UTC] PHP Warning:  Attempt to read property "post_status" on null in C:\Users\human\Local Sites\chisperio\app\public\wp-content\plugins\elementor\core\kits\manager.php on line 280
[28-Aug-2024 00:09:49 UTC] PHP Warning:  Attempt to read property "post_status" on null in C:\Users\human\Local Sites\chisperio\app\public\wp-content\plugins\elementor\core\base\document.php on line 1960
[28-Aug-2024 00:09:49 UTC] PHP Warning:  Attempt to read property "post_status" on null in C:\Users\human\Local Sites\chisperio\app\public\wp-content\plugins\elementor\core\base\document.php on line 1969
[28-Aug-2024 00:09:49 UTC] PHP Warning:  Attempt to read property "post_status" on null in C:\Users\human\Local Sites\chisperio\app\public\wp-content\plugins\elementor\core\kits\manager.php on line 280
[28-Aug-2024 00:13:17 UTC] PHP Warning:  Attempt to read property "post_status" on null in C:\Users\human\Local Sites\chisperio\app\public\wp-content\plugins\elementor\core\base\document.php on line 1960
[28-Aug-2024 00:13:17 UTC] PHP Warning:  Attempt to read property "post_status" on null in C:\Users\human\Local Sites\chisperio\app\public\wp-content\plugins\elementor\core\base\document.php on line 1969
[28-Aug-2024 00:13:17 UTC] PHP Warning:  Attempt to read property "post_status" on null in C:\Users\human\Local Sites\chisperio\app\public\wp-content\plugins\elementor\core\kits\manager.php on line 280
[28-Aug-2024 00:16:27 UTC] PHP Warning:  Attempt to read property "post_status" on null in C:\Users\human\Local Sites\chisperio\app\public\wp-content\plugins\elementor\core\base\document.php on line 1960
[28-Aug-2024 00:16:27 UTC] PHP Warning:  Attempt to read property "post_status" on null in C:\Users\human\Local Sites\chisperio\app\public\wp-content\plugins\elementor\core\base\document.php on line 1969
[28-Aug-2024 00:16:27 UTC] PHP Warning:  Attempt to read property "post_status" on null in C:\Users\human\Local Sites\chisperio\app\public\wp-content\plugins\elementor\core\kits\manager.php on line 280
[28-Aug-2024 00:16:36 UTC] PHP Warning:  Attempt to read property "post_status" on null in C:\Users\human\Local Sites\chisperio\app\public\wp-content\plugins\elementor\core\base\document.php on line 1960
[28-Aug-2024 00:16:36 UTC] PHP Warning:  Attempt to read property "post_status" on null in C:\Users\human\Local Sites\chisperio\app\public\wp-content\plugins\elementor\core\base\document.php on line 1969
[28-Aug-2024 00:16:36 UTC] PHP Warning:  Attempt to read property "post_status" on null in C:\Users\human\Local Sites\chisperio\app\public\wp-content\plugins\elementor\core\kits\manager.php on line 280
[28-Aug-2024 00:21:46 UTC] PHP Warning:  Attempt to read property "post_status" on null in C:\Users\human\Local Sites\chisperio\app\public\wp-content\plugins\elementor\core\base\document.php on line 1960
[28-Aug-2024 00:21:46 UTC] PHP Warning:  Attempt to read property "post_status" on null in C:\Users\human\Local Sites\chisperio\app\public\wp-content\plugins\elementor\core\base\document.php on line 1969
[28-Aug-2024 00:21:46 UTC] PHP Warning:  Attempt to read property "post_status" on null in C:\Users\human\Local Sites\chisperio\app\public\wp-content\plugins\elementor\core\kits\manager.php on line 280
[28-Aug-2024 00:22:13 UTC] PHP Warning:  Attempt to read property "post_status" on null in C:\Users\human\Local Sites\chisperio\app\public\wp-content\plugins\elementor\core\base\document.php on line 1960
[28-Aug-2024 00:22:13 UTC] PHP Warning:  Attempt to read property "post_status" on null in C:\Users\human\Local Sites\chisperio\app\public\wp-content\plugins\elementor\core\base\document.php on line 1969
[28-Aug-2024 00:22:13 UTC] PHP Warning:  Attempt to read property "post_status" on null in C:\Users\human\Local Sites\chisperio\app\public\wp-content\plugins\elementor\core\kits\manager.php on line 280
[28-Aug-2024 00:24:41 UTC] PHP Warning:  Attempt to read property "post_status" on null in C:\Users\human\Local Sites\chisperio\app\public\wp-content\plugins\elementor\core\base\document.php on line 1960
[28-Aug-2024 00:24:41 UTC] PHP Warning:  Attempt to read property "post_status" on null in C:\Users\human\Local Sites\chisperio\app\public\wp-content\plugins\elementor\core\base\document.php on line 1969
[28-Aug-2024 00:24:41 UTC] PHP Warning:  Attempt to read property "post_status" on null in C:\Users\human\Local Sites\chisperio\app\public\wp-content\plugins\elementor\core\kits\manager.php on line 280
[28-Aug-2024 00:25:07 UTC] PHP Warning:  Undefined variable $social_initial_state in C:\Users\human\Local Sites\chisperio\app\public\wp-content\plugins\jetpack\class.jetpack-gutenberg.php on line 776
[28-Aug-2024 00:25:07 UTC] PHP Warning:  Trying to access array offset on value of type null in C:\Users\human\Local Sites\chisperio\app\public\wp-content\plugins\jetpack\class.jetpack-gutenberg.php on line 776
[28-Aug-2024 00:25:09 UTC] PHP Warning:  Attempt to read property "post_status" on null in C:\Users\human\Local Sites\chisperio\app\public\wp-content\plugins\elementor\core\base\document.php on line 1960
[28-Aug-2024 00:25:09 UTC] PHP Warning:  Attempt to read property "post_status" on null in C:\Users\human\Local Sites\chisperio\app\public\wp-content\plugins\elementor\core\base\document.php on line 1969
[28-Aug-2024 00:25:09 UTC] PHP Warning:  Attempt to read property "post_status" on null in C:\Users\human\Local Sites\chisperio\app\public\wp-content\plugins\elementor\core\kits\manager.php on line 280
[28-Aug-2024 00:25:27 UTC] PHP Warning:  Attempt to read property "post_status" on null in C:\Users\human\Local Sites\chisperio\app\public\wp-content\plugins\elementor\core\base\document.php on line 1960
[28-Aug-2024 00:25:27 UTC] PHP Warning:  Attempt to read property "post_status" on null in C:\Users\human\Local Sites\chisperio\app\public\wp-content\plugins\elementor\core\base\document.php on line 1969
[28-Aug-2024 00:25:27 UTC] PHP Warning:  Attempt to read property "post_status" on null in C:\Users\human\Local Sites\chisperio\app\public\wp-content\plugins\elementor\core\kits\manager.php on line 280
[28-Aug-2024 00:32:15 UTC] PHP Warning:  Undefined variable $social_initial_state in C:\Users\human\Local Sites\chisperio\app\public\wp-content\plugins\jetpack\class.jetpack-gutenberg.php on line 776
[28-Aug-2024 00:32:15 UTC] PHP Warning:  Trying to access array offset on value of type null in C:\Users\human\Local Sites\chisperio\app\public\wp-content\plugins\jetpack\class.jetpack-gutenberg.php on line 776
[28-Aug-2024 00:32:18 UTC] PHP Warning:  Attempt to read property "post_status" on null in C:\Users\human\Local Sites\chisperio\app\public\wp-content\plugins\elementor\core\base\document.php on line 1960
[28-Aug-2024 00:32:18 UTC] PHP Warning:  Attempt to read property "post_status" on null in C:\Users\human\Local Sites\chisperio\app\public\wp-content\plugins\elementor\core\base\document.php on line 1969
[28-Aug-2024 00:32:18 UTC] PHP Warning:  Attempt to read property "post_status" on null in C:\Users\human\Local Sites\chisperio\app\public\wp-content\plugins\elementor\core\kits\manager.php on line 280
[28-Aug-2024 00:32:29 UTC] PHP Warning:  Attempt to read property "post_status" on null in C:\Users\human\Local Sites\chisperio\app\public\wp-content\plugins\elementor\core\base\document.php on line 1960
[28-Aug-2024 00:32:29 UTC] PHP Warning:  Attempt to read property "post_status" on null in C:\Users\human\Local Sites\chisperio\app\public\wp-content\plugins\elementor\core\base\document.php on line 1969
[28-Aug-2024 00:32:29 UTC] PHP Warning:  Attempt to read property "post_status" on null in C:\Users\human\Local Sites\chisperio\app\public\wp-content\plugins\elementor\core\kits\manager.php on line 280
[28-Aug-2024 00:32:33 UTC] PHP Warning:  Attempt to read property "post_status" on null in C:\Users\human\Local Sites\chisperio\app\public\wp-content\plugins\elementor\core\base\document.php on line 1960
[28-Aug-2024 00:32:33 UTC] PHP Warning:  Attempt to read property "post_status" on null in C:\Users\human\Local Sites\chisperio\app\public\wp-content\plugins\elementor\core\base\document.php on line 1969
[28-Aug-2024 00:32:33 UTC] PHP Warning:  Attempt to read property "post_status" on null in C:\Users\human\Local Sites\chisperio\app\public\wp-content\plugins\elementor\core\kits\manager.php on line 280
[28-Aug-2024 00:32:38 UTC] PHP Warning:  Attempt to read property "post_status" on null in C:\Users\human\Local Sites\chisperio\app\public\wp-content\plugins\elementor\core\base\document.php on line 1960
[28-Aug-2024 00:32:38 UTC] PHP Warning:  Attempt to read property "post_status" on null in C:\Users\human\Local Sites\chisperio\app\public\wp-content\plugins\elementor\core\base\document.php on line 1969
[28-Aug-2024 00:32:38 UTC] PHP Warning:  Attempt to read property "post_status" on null in C:\Users\human\Local Sites\chisperio\app\public\wp-content\plugins\elementor\core\kits\manager.php on line 280
[28-Aug-2024 00:33:03 UTC] PHP Warning:  Attempt to read property "post_status" on null in C:\Users\human\Local Sites\chisperio\app\public\wp-content\plugins\elementor\core\base\document.php on line 1960
[28-Aug-2024 00:33:03 UTC] PHP Warning:  Attempt to read property "post_status" on null in C:\Users\human\Local Sites\chisperio\app\public\wp-content\plugins\elementor\core\base\document.php on line 1969
[28-Aug-2024 00:33:03 UTC] PHP Warning:  Attempt to read property "post_status" on null in C:\Users\human\Local Sites\chisperio\app\public\wp-content\plugins\elementor\core\kits\manager.php on line 280
[28-Aug-2024 00:33:05 UTC] PHP Warning:  Attempt to read property "post_status" on null in C:\Users\human\Local Sites\chisperio\app\public\wp-content\plugins\elementor\core\base\document.php on line 1960
[28-Aug-2024 00:33:05 UTC] PHP Warning:  Attempt to read property "post_status" on null in C:\Users\human\Local Sites\chisperio\app\public\wp-content\plugins\elementor\core\base\document.php on line 1969
[28-Aug-2024 00:33:05 UTC] PHP Warning:  Attempt to read property "post_status" on null in C:\Users\human\Local Sites\chisperio\app\public\wp-content\plugins\elementor\core\kits\manager.php on line 280
[28-Aug-2024 00:33:14 UTC] PHP Warning:  Attempt to read property "post_status" on null in C:\Users\human\Local Sites\chisperio\app\public\wp-content\plugins\elementor\core\base\document.php on line 1960
[28-Aug-2024 00:33:14 UTC] PHP Warning:  Attempt to read property "post_status" on null in C:\Users\human\Local Sites\chisperio\app\public\wp-content\plugins\elementor\core\base\document.php on line 1969
[28-Aug-2024 00:33:14 UTC] PHP Warning:  Attempt to read property "post_status" on null in C:\Users\human\Local Sites\chisperio\app\public\wp-content\plugins\elementor\core\kits\manager.php on line 280
[28-Aug-2024 00:33:57 UTC] PHP Warning:  Attempt to read property "post_status" on null in C:\Users\human\Local Sites\chisperio\app\public\wp-content\plugins\elementor\core\base\document.php on line 1960
[28-Aug-2024 00:33:57 UTC] PHP Warning:  Attempt to read property "post_status" on null in C:\Users\human\Local Sites\chisperio\app\public\wp-content\plugins\elementor\core\base\document.php on line 1969
[28-Aug-2024 00:33:57 UTC] PHP Warning:  Attempt to read property "post_status" on null in C:\Users\human\Local Sites\chisperio\app\public\wp-content\plugins\elementor\core\kits\manager.php on line 280
[28-Aug-2024 00:34:13 UTC] PHP Warning:  Attempt to read property "post_status" on null in C:\Users\human\Local Sites\chisperio\app\public\wp-content\plugins\elementor\core\base\document.php on line 1960
[28-Aug-2024 00:34:13 UTC] PHP Warning:  Attempt to read property "post_status" on null in C:\Users\human\Local Sites\chisperio\app\public\wp-content\plugins\elementor\core\base\document.php on line 1969
[28-Aug-2024 00:34:13 UTC] PHP Warning:  Attempt to read property "post_status" on null in C:\Users\human\Local Sites\chisperio\app\public\wp-content\plugins\elementor\core\kits\manager.php on line 280
[28-Aug-2024 00:35:04 UTC] PHP Warning:  Undefined variable $social_initial_state in C:\Users\human\Local Sites\chisperio\app\public\wp-content\plugins\jetpack\class.jetpack-gutenberg.php on line 776
[28-Aug-2024 00:35:04 UTC] PHP Warning:  Trying to access array offset on value of type null in C:\Users\human\Local Sites\chisperio\app\public\wp-content\plugins\jetpack\class.jetpack-gutenberg.php on line 776
[28-Aug-2024 00:35:12 UTC] PHP Warning:  Attempt to read property "post_status" on null in C:\Users\human\Local Sites\chisperio\app\public\wp-content\plugins\elementor\core\base\document.php on line 1960
[28-Aug-2024 00:35:12 UTC] PHP Warning:  Attempt to read property "post_status" on null in C:\Users\human\Local Sites\chisperio\app\public\wp-content\plugins\elementor\core\base\document.php on line 1969
[28-Aug-2024 00:35:12 UTC] PHP Warning:  Attempt to read property "post_status" on null in C:\Users\human\Local Sites\chisperio\app\public\wp-content\plugins\elementor\core\kits\manager.php on line 280
[28-Aug-2024 00:35:16 UTC] PHP Warning:  Attempt to read property "post_status" on null in C:\Users\human\Local Sites\chisperio\app\public\wp-content\plugins\elementor\core\base\document.php on line 1960
[28-Aug-2024 00:35:16 UTC] PHP Warning:  Attempt to read property "post_status" on null in C:\Users\human\Local Sites\chisperio\app\public\wp-content\plugins\elementor\core\base\document.php on line 1969
[28-Aug-2024 00:35:16 UTC] PHP Warning:  Attempt to read property "post_status" on null in C:\Users\human\Local Sites\chisperio\app\public\wp-content\plugins\elementor\core\kits\manager.php on line 280
[28-Aug-2024 00:35:33 UTC] PHP Warning:  Attempt to read property "post_status" on null in C:\Users\human\Local Sites\chisperio\app\public\wp-content\plugins\elementor\core\base\document.php on line 1960
[28-Aug-2024 00:35:33 UTC] PHP Warning:  Attempt to read property "post_status" on null in C:\Users\human\Local Sites\chisperio\app\public\wp-content\plugins\elementor\core\base\document.php on line 1969
[28-Aug-2024 00:35:33 UTC] PHP Warning:  Attempt to read property "post_status" on null in C:\Users\human\Local Sites\chisperio\app\public\wp-content\plugins\elementor\core\kits\manager.php on line 280
[28-Aug-2024 00:36:16 UTC] PHP Warning:  Attempt to read property "post_status" on null in C:\Users\human\Local Sites\chisperio\app\public\wp-content\plugins\elementor\core\base\document.php on line 1960
[28-Aug-2024 00:36:16 UTC] PHP Warning:  Attempt to read property "post_status" on null in C:\Users\human\Local Sites\chisperio\app\public\wp-content\plugins\elementor\core\base\document.php on line 1969
[28-Aug-2024 00:36:16 UTC] PHP Warning:  Attempt to read property "post_status" on null in C:\Users\human\Local Sites\chisperio\app\public\wp-content\plugins\elementor\core\kits\manager.php on line 280
[28-Aug-2024 00:41:04 UTC] PHP Warning:  Undefined variable $social_initial_state in C:\Users\human\Local Sites\chisperio\app\public\wp-content\plugins\jetpack\class.jetpack-gutenberg.php on line 776
[28-Aug-2024 00:41:04 UTC] PHP Warning:  Trying to access array offset on value of type null in C:\Users\human\Local Sites\chisperio\app\public\wp-content\plugins\jetpack\class.jetpack-gutenberg.php on line 776
[28-Aug-2024 00:41:04 UTC] PHP Warning:  Attempt to read property "title" on null in C:\Users\human\Local Sites\chisperio\app\public\wp-includes\class-wp-customize-widgets.php on line 905
[28-Aug-2024 00:41:06 UTC] PHP Warning:  Attempt to read property "post_status" on null in C:\Users\human\Local Sites\chisperio\app\public\wp-content\plugins\elementor\core\base\document.php on line 1960
[28-Aug-2024 00:41:06 UTC] PHP Warning:  Attempt to read property "post_status" on null in C:\Users\human\Local Sites\chisperio\app\public\wp-content\plugins\elementor\core\base\document.php on line 1969
[28-Aug-2024 00:41:06 UTC] PHP Warning:  Attempt to read property "post_status" on null in C:\Users\human\Local Sites\chisperio\app\public\wp-content\plugins\elementor\core\kits\manager.php on line 280
[28-Aug-2024 00:41:06 UTC] PHP Warning:  Attempt to read property "post_status" on null in C:\Users\human\Local Sites\chisperio\app\public\wp-content\plugins\elementor\core\kits\manager.php on line 280
[28-Aug-2024 00:41:58 UTC] PHP Warning:  Undefined variable $social_initial_state in C:\Users\human\Local Sites\chisperio\app\public\wp-content\plugins\jetpack\class.jetpack-gutenberg.php on line 776
[28-Aug-2024 00:41:58 UTC] PHP Warning:  Trying to access array offset on value of type null in C:\Users\human\Local Sites\chisperio\app\public\wp-content\plugins\jetpack\class.jetpack-gutenberg.php on line 776
[28-Aug-2024 00:42:00 UTC] PHP Warning:  Attempt to read property "post_status" on null in C:\Users\human\Local Sites\chisperio\app\public\wp-content\plugins\elementor\core\base\document.php on line 1960
[28-Aug-2024 00:42:00 UTC] PHP Warning:  Attempt to read property "post_status" on null in C:\Users\human\Local Sites\chisperio\app\public\wp-content\plugins\elementor\core\base\document.php on line 1969
[28-Aug-2024 00:42:00 UTC] PHP Warning:  Attempt to read property "post_status" on null in C:\Users\human\Local Sites\chisperio\app\public\wp-content\plugins\elementor\core\kits\manager.php on line 280
[28-Aug-2024 00:42:17 UTC] PHP Warning:  Undefined variable $social_initial_state in C:\Users\human\Local Sites\chisperio\app\public\wp-content\plugins\jetpack\class.jetpack-gutenberg.php on line 776
[28-Aug-2024 00:42:17 UTC] PHP Warning:  Trying to access array offset on value of type null in C:\Users\human\Local Sites\chisperio\app\public\wp-content\plugins\jetpack\class.jetpack-gutenberg.php on line 776
[28-Aug-2024 00:42:17 UTC] PHP Warning:  Attempt to read property "title" on null in C:\Users\human\Local Sites\chisperio\app\public\wp-includes\class-wp-customize-widgets.php on line 905
[28-Aug-2024 00:42:19 UTC] PHP Warning:  Attempt to read property "post_status" on null in C:\Users\human\Local Sites\chisperio\app\public\wp-content\plugins\elementor\core\base\document.php on line 1960
[28-Aug-2024 00:42:19 UTC] PHP Warning:  Attempt to read property "post_status" on null in C:\Users\human\Local Sites\chisperio\app\public\wp-content\plugins\elementor\core\base\document.php on line 1969
[28-Aug-2024 00:42:19 UTC] PHP Warning:  Attempt to read property "post_status" on null in C:\Users\human\Local Sites\chisperio\app\public\wp-content\plugins\elementor\core\kits\manager.php on line 280
[28-Aug-2024 00:42:19 UTC] PHP Warning:  Attempt to read property "post_status" on null in C:\Users\human\Local Sites\chisperio\app\public\wp-content\plugins\elementor\core\kits\manager.php on line 280
[28-Aug-2024 00:46:08 UTC] PHP Warning:  Undefined variable $social_initial_state in C:\Users\human\Local Sites\chisperio\app\public\wp-content\plugins\jetpack\class.jetpack-gutenberg.php on line 776
[28-Aug-2024 00:46:08 UTC] PHP Warning:  Trying to access array offset on value of type null in C:\Users\human\Local Sites\chisperio\app\public\wp-content\plugins\jetpack\class.jetpack-gutenberg.php on line 776
[28-Aug-2024 00:47:30 UTC] PHP Warning:  Undefined variable $social_initial_state in C:\Users\human\Local Sites\chisperio\app\public\wp-content\plugins\jetpack\class.jetpack-gutenberg.php on line 776
[28-Aug-2024 00:47:30 UTC] PHP Warning:  Trying to access array offset on value of type null in C:\Users\human\Local Sites\chisperio\app\public\wp-content\plugins\jetpack\class.jetpack-gutenberg.php on line 776
[28-Aug-2024 00:47:31 UTC] PHP Warning:  Undefined variable $social_initial_state in C:\Users\human\Local Sites\chisperio\app\public\wp-content\plugins\jetpack\class.jetpack-gutenberg.php on line 776
[28-Aug-2024 00:47:31 UTC] PHP Warning:  Trying to access array offset on value of type null in C:\Users\human\Local Sites\chisperio\app\public\wp-content\plugins\jetpack\class.jetpack-gutenberg.php on line 776
[28-Aug-2024 00:48:39 UTC] PHP Warning:  Undefined variable $social_initial_state in C:\Users\human\Local Sites\chisperio\app\public\wp-content\plugins\jetpack\class.jetpack-gutenberg.php on line 776
[28-Aug-2024 00:48:39 UTC] PHP Warning:  Trying to access array offset on value of type null in C:\Users\human\Local Sites\chisperio\app\public\wp-content\plugins\jetpack\class.jetpack-gutenberg.php on line 776
[28-Aug-2024 00:48:39 UTC] PHP Warning:  Attempt to read property "title" on null in C:\Users\human\Local Sites\chisperio\app\public\wp-includes\class-wp-customize-widgets.php on line 905
[28-Aug-2024 01:07:07 UTC] PHP Warning:  Undefined variable $social_initial_state in C:\Users\human\Local Sites\chisperio\app\public\wp-content\plugins\jetpack\class.jetpack-gutenberg.php on line 776
[28-Aug-2024 01:07:07 UTC] PHP Warning:  Trying to access array offset on value of type null in C:\Users\human\Local Sites\chisperio\app\public\wp-content\plugins\jetpack\class.jetpack-gutenberg.php on line 776
[28-Aug-2024 01:07:07 UTC] PHP Warning:  Attempt to read property "title" on null in C:\Users\human\Local Sites\chisperio\app\public\wp-includes\class-wp-customize-widgets.php on line 905
[28-Aug-2024 01:11:08 UTC] PHP Fatal error:  Uncaught Error: Call to undefined method ElementorPro\License\Admin::get_installed_time() in C:\Users\human\Local Sites\chisperio\app\public\wp-content\plugins\pro-elements\modules\usage\module.php:157
Stack trace:
#0 C:\Users\human\Local Sites\chisperio\app\public\wp-includes\class-wp-hook.php(324): ElementorPro\Modules\Usage\Module->add_tracking_data(Array)
#1 C:\Users\human\Local Sites\chisperio\app\public\wp-includes\plugin.php(205): WP_Hook->apply_filters(Array, Array)
#2 C:\Users\human\Local Sites\chisperio\app\public\wp-content\plugins\elementor\includes\tracker.php(573): apply_filters('elementor/track...', Array)
#3 C:\Users\human\Local Sites\chisperio\app\public\wp-content\plugins\elementor\includes\tracker.php(141): Elementor\Tracker::get_tracking_data(true)
#4 C:\Users\human\Local Sites\chisperio\app\public\wp-content\plugins\elementor\includes\tracker.php(222): Elementor\Tracker::send_tracking_data(true)
#5 C:\Users\human\Local Sites\chisperio\app\public\wp-content\plugins\elementor\core\common\modules\connect\apps\base-app.php(215): Elementor\Tracker::set_opt_in(true)
#6 [internal function]: Elementor\Core\Common\Modules\Connect\Apps\Base_App->action_get_token()
#7 C:\Users\human\Local Sites\chisperio\app\public\wp-content\plugins\elementor\core\common\modules\connect\admin.php(57): call_user_func(Array)
#8 C:\Users\human\Local Sites\chisperio\app\public\wp-includes\class-wp-hook.php(324): Elementor\Core\Common\Modules\Connect\Admin->on_load_page('')
#9 C:\Users\human\Local Sites\chisperio\app\public\wp-includes\class-wp-hook.php(348): WP_Hook->apply_filters('', Array)
#10 C:\Users\human\Local Sites\chisperio\app\public\wp-includes\plugin.php(517): WP_Hook->do_action(Array)
#11 C:\Users\human\Local Sites\chisperio\app\public\wp-admin\admin.php(237): do_action('load-elementor_...')
#12 {main}
  thrown in C:\Users\human\Local Sites\chisperio\app\public\wp-content\plugins\pro-elements\modules\usage\module.php on line 157
[28-Aug-2024 02:01:33 UTC] PHP Warning:  Undefined variable $social_initial_state in C:\Users\human\Local Sites\chisperio\app\public\wp-content\plugins\jetpack\class.jetpack-gutenberg.php on line 776
[28-Aug-2024 02:01:33 UTC] PHP Warning:  Trying to access array offset on value of type null in C:\Users\human\Local Sites\chisperio\app\public\wp-content\plugins\jetpack\class.jetpack-gutenberg.php on line 776
[28-Aug-2024 02:01:51 UTC] PHP Warning:  Undefined variable $social_initial_state in C:\Users\human\Local Sites\chisperio\app\public\wp-content\plugins\jetpack\class.jetpack-gutenberg.php on line 776
[28-Aug-2024 02:01:51 UTC] PHP Warning:  Trying to access array offset on value of type null in C:\Users\human\Local Sites\chisperio\app\public\wp-content\plugins\jetpack\class.jetpack-gutenberg.php on line 776
[28-Aug-2024 02:03:53 UTC] PHP Warning:  Undefined variable $social_initial_state in C:\Users\human\Local Sites\chisperio\app\public\wp-content\plugins\jetpack\class.jetpack-gutenberg.php on line 776
[28-Aug-2024 02:03:53 UTC] PHP Warning:  Trying to access array offset on value of type null in C:\Users\human\Local Sites\chisperio\app\public\wp-content\plugins\jetpack\class.jetpack-gutenberg.php on line 776
[28-Aug-2024 02:12:30 UTC] PHP Warning:  Undefined variable $social_initial_state in C:\Users\human\Local Sites\chisperio\app\public\wp-content\plugins\jetpack\class.jetpack-gutenberg.php on line 776
[28-Aug-2024 02:12:30 UTC] PHP Warning:  Trying to access array offset on value of type null in C:\Users\human\Local Sites\chisperio\app\public\wp-content\plugins\jetpack\class.jetpack-gutenberg.php on line 776
[28-Aug-2024 02:12:30 UTC] PHP Warning:  Attempt to read property "title" on null in C:\Users\human\Local Sites\chisperio\app\public\wp-includes\class-wp-customize-widgets.php on line 905
[12-Sep-2024 23:03:03 UTC] PHP Fatal error:  Uncaught Error: Call to undefined method ElementorPro\License\Admin::get_installed_time() in C:\Users\human\Local Sites\chisperio\app\public\wp-content\plugins\pro-elements\modules\usage\module.php:157
Stack trace:
#0 C:\Users\human\Local Sites\chisperio\app\public\wp-includes\class-wp-hook.php(324): ElementorPro\Modules\Usage\Module->add_tracking_data(Array)
#1 C:\Users\human\Local Sites\chisperio\app\public\wp-includes\plugin.php(205): WP_Hook->apply_filters(Array, Array)
#2 C:\Users\human\Local Sites\chisperio\app\public\wp-content\plugins\elementor\includes\tracker.php(573): apply_filters('elementor/track...', Array)
#3 C:\Users\human\Local Sites\chisperio\app\public\wp-content\plugins\elementor\includes\tracker.php(141): Elementor\Tracker::get_tracking_data(false)
#4 C:\Users\human\Local Sites\chisperio\app\public\wp-includes\class-wp-hook.php(324): Elementor\Tracker::send_tracking_data()
#5 C:\Users\human\Local Sites\chisperio\app\public\wp-includes\class-wp-hook.php(348): WP_Hook->apply_filters('', Array)
#6 C:\Users\human\Local Sites\chisperio\app\public\wp-includes\plugin.php(565): WP_Hook->do_action(Array)
#7 C:\Users\human\Local Sites\chisperio\app\public\wp-cron.php(191): do_action_ref_array('elementor/track...', Array)
#8 {main}
  thrown in C:\Users\human\Local Sites\chisperio\app\public\wp-content\plugins\pro-elements\modules\usage\module.php on line 157
[12-Sep-2024 23:14:15 UTC] Automattic\WooCommerce\Admin\Features\Navigation\Menu::add_plugin_item is deprecated since 9.3 with no alternative. Navigation classes will be removed in WooCommerce 9.4
[12-Sep-2024 23:14:16 UTC] Automattic\WooCommerce\Admin\Features\Navigation\Menu::add_plugin_item is deprecated since 9.3 with no alternative. Navigation classes will be removed in WooCommerce 9.4
[12-Sep-2024 23:14:58 UTC] Automattic\WooCommerce\Admin\Features\Navigation\Menu::add_plugin_item is deprecated since 9.3 with no alternative. Navigation classes will be removed in WooCommerce 9.4
[13-Sep-2024 23:36:58 UTC] Automattic\WooCommerce\Admin\Features\Navigation\Menu::add_plugin_item is deprecated since 9.3 with no alternative. Navigation classes will be removed in WooCommerce 9.4
[13-Sep-2024 23:43:49 UTC] Automattic\WooCommerce\Admin\Features\Navigation\Menu::add_plugin_item is deprecated since 9.3 with no alternative. Navigation classes will be removed in WooCommerce 9.4
[13-Sep-2024 23:43:54 UTC] Automattic\WooCommerce\Admin\Features\Navigation\Menu::add_plugin_item is deprecated since 9.3 with no alternative. Navigation classes will be removed in WooCommerce 9.4
